<?xml version="1.0" encoding="UTF-8"?>
<!-- Generated by org.testng.reporters.JUnitXMLReporter -->
<testsuite ignored="0" hostname="mamobarjos" failures="0" tests="4" name="Default test" time="19.823" errors="0" timestamp="2025-01-23T19:12:48 EET">
  <testcase classname="mypakage.MyTestCase" name="AddNewCustomer" time="0.504"/>
  <testcase classname="mypakage.MyTestCase" name="UpdateCustomserInfo" time="0.633"/>
  <testcase classname="mypakage.MyTestCase" name="ReadTheUpdatedData" time="8.799"/>
  <testcase classname="mypakage.MyTestCase" name="DeleteCustomer" time="0.171"/>
</testsuite> <!-- Default test -->
