<?xml version="1.0" encoding="UTF-8"?>
<testng-results ignored="0" total="4" passed="4" failed="0" skipped="0">
  <reporter-output>
  </reporter-output>
  <suite started-at="2025-01-23T19:12:28 EET" name="Default suite" finished-at="2025-01-23T19:12:48 EET" duration-ms="19823">
    <groups>
    </groups>
    <test started-at="2025-01-23T19:12:28 EET" name="Default test" finished-at="2025-01-23T19:12:48 EET" duration-ms="19823">
      <class name="mypakage.MyTestCase">
        <test-method is-config="true" signature="MySetup()[pri:0, instance:mypakage.MyTestCase@6e35bc3d]" started-at="2025-01-23T19:12:28 EET" name="MySetup" finished-at="2025-01-23T19:12:37 EET" duration-ms="9509" status="PASS">
          <reporter-output>
          </reporter-output>
        </test-method> <!-- MySetup -->
        <test-method signature="AddNewCustomer()[pri:1, instance:mypakage.MyTestCase@6e35bc3d]" started-at="2025-01-23T19:12:38 EET" name="AddNewCustomer" description="add New Customer" finished-at="2025-01-23T19:12:38 EET" duration-ms="504" status="PASS">
          <reporter-output>
          </reporter-output>
        </test-method> <!-- AddNewCustomer -->
        <test-method signature="UpdateCustomserInfo()[pri:2, instance:mypakage.MyTestCase@6e35bc3d]" started-at="2025-01-23T19:12:38 EET" name="UpdateCustomserInfo" description="Update Customer" finished-at="2025-01-23T19:12:39 EET" duration-ms="633" status="PASS">
          <reporter-output>
          </reporter-output>
        </test-method> <!-- UpdateCustomserInfo -->
        <test-method signature="ReadTheUpdatedData()[pri:3, instance:mypakage.MyTestCase@6e35bc3d]" started-at="2025-01-23T19:12:39 EET" name="ReadTheUpdatedData" description="input data to Random website" finished-at="2025-01-23T19:12:48 EET" duration-ms="8799" status="PASS">
          <reporter-output>
          </reporter-output>
        </test-method> <!-- ReadTheUpdatedData -->
        <test-method signature="DeleteCustomer()[pri:4, instance:mypakage.MyTestCase@6e35bc3d]" started-at="2025-01-23T19:12:48 EET" name="DeleteCustomer" description="Remove Customer" finished-at="2025-01-23T19:12:48 EET" duration-ms="171" status="PASS">
          <reporter-output>
          </reporter-output>
        </test-method> <!-- DeleteCustomer -->
      </class> <!-- mypakage.MyTestCase -->
    </test> <!-- Default test -->
  </suite> <!-- Default suite -->
</testng-results>
